11-14 17:05:32 replicate_layout.action_replicate_layout 305:Plugin executed on: 'win32'
11-14 17:05:32 replicate_layout.action_replicate_layout 306:Plugin executed with python version: '2.7.18 (default, Apr 20 2020, 16:57:11)  [GCC 9.3.0 64 bit (AMD64)]'
11-14 17:05:32 replicate_layout.action_replicate_layout 307:KiCad build version: (5.1.9)-1
11-14 17:05:32 replicate_layout.action_replicate_layout 308:Replicate layout plugin version: 69 started
11-14 17:05:32 replicate_layout.action_replicate_layout 340:Preparing replicator with R11 as a reference
11-14 17:05:32 replicate_layout.replicatelayout 215:getting project hierarchy from schematics
11-14 17:05:32 replicate_layout.replicatelayout 217:Project hierarchy looks like:
{u'61A4D8BF': [u'PHASEB', u'C:\\GrabCAD\\kicad_projects\\motor_controller\\MCL-102\\MCL-102_HalfBridge.sch'], u'6191AFCB': [u'sheet6191AFC6', u'C:\\GrabCAD\\kicad_projects\\motor_controller\\MCL-102\\MCL-102_HalfBridge.sch'], u'601AAA03': [u'PHASEA', u'C:\\GrabCAD\\kicad_projects\\motor_controller\\MCL-102\\MCL-102_HalfBridge.sch']}
11-14 17:05:32 replicate_layout.replicatelayout 225:getting a list of all footprints on board
11-14 17:05:32 replicate_layout.action_replicate_layout 367:source anchor footprint is u'R11'
Located on:[u'PHASEB']
With filenames:[u'..\\MCL-102_HalfBridge.sch']
With sheet_id:[u'PHASEB']
11-14 17:05:32 replicate_layout.action_replicate_layout 371:Corresponding footprints are 
[(u'R11', [u'PHASEB']), (u'R13', [u'sheet6191AFC6']), (u'R9', [u'PHASEA'])]
11-14 17:05:32 replicate_layout.action_replicate_layout 384:Showing dialog
11-14 17:05:32 replicate_layout.action_replicate_layout 388:Pcbnew position: wx.Point(1911, 103)
11-14 17:05:32 replicate_layout.action_replicate_layout 394:Display 0: wx.Rect(0, 0, 1920, 1200)
11-14 17:05:32 replicate_layout.action_replicate_layout 394:Display 1: wx.Rect(1920, 112, 1920, 1080)
11-14 17:05:32 replicate_layout.action_replicate_layout 398:Toolbar position: wx.Point(3607, 244)
11-14 17:05:32 replicate_layout.action_replicate_layout 405:Dialog position: wx.Point(3294, 244)
11-14 17:05:34 replicate_layout.replicatelayout 249:construcing a list of sheets suitable for replication on level:u'PHASEB', file:u'..\\MCL-102_HalfBridge.sch'
11-14 17:05:34 replicate_layout.replicatelayout 256:Source sheet path up to the level:[u'PHASEB']
11-14 17:05:34 replicate_layout.replicatelayout 260:Footprints on the sheets:
[u'R11', u'R13', u'R9']
11-14 17:05:34 replicate_layout.replicatelayout 263:Footprints raw sheet ids:
[u'/61A4D8BF/601D1707', u'/6191AFCB/601D1707', u'/601AAA03/601D1707']
11-14 17:05:34 replicate_layout.replicatelayout 279:All sheets to replicate:
[[u'PHASEB'], [u'sheet6191AFC6'], [u'PHASEA']]
11-14 17:05:34 replicate_layout.replicatelayout 284:All sheets to replicate sorted:
[[u'PHASEA'], [u'PHASEB'], [u'sheet6191AFC6']]
11-14 17:05:34 replicate_layout.replicatelayout 290:All sheets to replicate sorted and without source sheet:
[[u'PHASEA'], [u'sheet6191AFC6']]
11-14 17:05:39 replicate_layout.replicatelayout 249:construcing a list of sheets suitable for replication on level:u'PHASEB', file:u'..\\MCL-102_HalfBridge.sch'
11-14 17:05:39 replicate_layout.replicatelayout 256:Source sheet path up to the level:[u'PHASEB']
11-14 17:05:39 replicate_layout.replicatelayout 260:Footprints on the sheets:
[u'R11', u'R13', u'R9']
11-14 17:05:39 replicate_layout.replicatelayout 263:Footprints raw sheet ids:
[u'/61A4D8BF/601D1707', u'/6191AFCB/601D1707', u'/601AAA03/601D1707']
11-14 17:05:39 replicate_layout.replicatelayout 279:All sheets to replicate:
[[u'PHASEB'], [u'sheet6191AFC6'], [u'PHASEA']]
11-14 17:05:39 replicate_layout.replicatelayout 284:All sheets to replicate sorted:
[[u'PHASEA'], [u'PHASEB'], [u'sheet6191AFC6']]
11-14 17:05:39 replicate_layout.replicatelayout 290:All sheets to replicate sorted and without source sheet:
[[u'PHASEA'], [u'sheet6191AFC6']]
11-14 17:05:39 replicate_layout.action_replicate_layout 179:Replicating layout
11-14 17:05:39 replicate_layout.replicatelayout 990:Starting replication of sheets: [[u'PHASEA'], [u'sheet6191AFC6']]
on level: [u'PHASEB']
with tracks=True, zone=True, text=True, containing=True, remove=False, locked=False
11-14 17:05:39 root 261:updating GUI message: 'Preparing for replication'
11-14 17:05:39 replicate_layout.replicatelayout 556:Getting the list of source footprints
11-14 17:05:39 replicate_layout.replicatelayout 560:Getting the list of all the remaining footprints
11-14 17:05:39 replicate_layout.replicatelayout 564:Getting nets local to source footprints
11-14 17:05:39 replicate_layout.replicatelayout 568:Getting source bounding box
11-14 17:05:39 root 266:updating GUI with: 37
11-14 17:05:39 replicate_layout.replicatelayout 572:Getting source tracks
11-14 17:05:39 replicate_layout.replicatelayout 576:Getting source zones
11-14 17:05:39 replicate_layout.replicatelayout 580:Getting source text items
11-14 17:05:39 replicate_layout.replicatelayout 584:Getting source text items
11-14 17:05:39 root 261:updating GUI message: 'Replicating footprints'
11-14 17:05:39 replicate_layout.replicatelayout 590:Replicating footprints
11-14 17:05:39 replicate_layout.replicatelayout 596:Replicating footprints on sheet [u'PHASEA']
11-14 17:05:39 root 266:updating GUI with: 14
11-14 17:05:39 replicate_layout.replicatelayout 596:Replicating footprints on sheet [u'sheet6191AFC6']
11-14 17:05:39 root 266:updating GUI with: 85
11-14 17:05:39 root 261:updating GUI message: 'Replicating tracks'
11-14 17:05:39 replicate_layout.replicatelayout 716:Replicating tracks
11-14 17:05:39 replicate_layout.replicatelayout 722:Replicating tracks on sheet [u'PHASEA']
11-14 17:05:39 replicate_layout.replicatelayout 722:Replicating tracks on sheet [u'sheet6191AFC6']
11-14 17:05:39 root 261:updating GUI message: 'Replicating zones'
11-14 17:05:39 root 266:updating GUI with: 0
11-14 17:05:39 replicate_layout.replicatelayout 767:Replicating zones
11-14 17:05:39 replicate_layout.replicatelayout 774:Replicating zones on sheet [u'PHASEA']
11-14 17:05:39 replicate_layout.replicatelayout 774:Replicating zones on sheet [u'sheet6191AFC6']
11-14 17:05:39 root 261:updating GUI message: 'Replicating text'
11-14 17:05:39 replicate_layout.replicatelayout 833:Replicating text
11-14 17:05:39 replicate_layout.replicatelayout 840:Replicating text on sheet [u'PHASEA']
11-14 17:05:39 replicate_layout.replicatelayout 840:Replicating text on sheet [u'sheet6191AFC6']
11-14 17:05:39 root 261:updating GUI message: 'Replicating drawings'
11-14 17:05:39 replicate_layout.replicatelayout 864:Replicating drawings
11-14 17:05:39 replicate_layout.replicatelayout 870:Replicating drawings on sheet [u'PHASEA']
11-14 17:05:39 replicate_layout.replicatelayout 870:Replicating drawings on sheet [u'sheet6191AFC6']
11-14 17:05:39 root 261:updating GUI message: 'Removing duplicates'
11-14 17:05:39 replicate_layout.action_replicate_layout 201:Replication complete
